<?xml version="1.0" encoding="UTF-8" ?>
<testsuite tests="5" failures="1" name="vapeshop.test.controller.VapeUnitTest" time="0.095" errors="0" skipped="0">
  <properties>
[...]
</properties>
  <testcase classname="vapeshop.test.controller.VapeUnitTest" name="testGetByIdVape" time="0.018"/>
  <testcase classname="vapeshop.test.controller.VapeUnitTest" name="testAddVape" time="0.03"/>
  <testcase classname="vapeshop.test.controller.VapeUnitTest" name="testUpdateVape" time="0.025">
    <failure message="expected: &lt;{&quot;id&quot;:1,&quot;power&quot;:120,&quot;battery&quot;:22450,&quot;type&quot;:&quot;РњРѕРґ&quot;,&quot;itemForVape&quot;:{&quot;id&quot;:1,&quot;photo&quot;:&quot;photo4&quot;,&quot;name&quot;:&quot;HotSpot BubleGum Update&quot;}}&gt; but was: &lt;{&quot;id&quot;:1,&quot;power&quot;:120,&quot;battery&quot;:22450,&quot;type&quot;:&quot;РњРѕРґ&quot;,&quot;itemForVape&quot;:{&quot;id&quot;:1,&quot;photo&quot;:&quot;path\\photo1&quot;,&quot;name&quot;:&quot;РњРёС€РєРё 3РІ1&quot;}}&gt;" type="org.opentest4j.AssertionFailedError">org.opentest4j.AssertionFailedError: expected: &lt;{&quot;id&quot;:1,&quot;power&quot;:120,&quot;battery&quot;:22450,&quot;type&quot;:&quot;РњРѕРґ&quot;,&quot;itemForVape&quot;:{&quot;id&quot;:1,&quot;photo&quot;:&quot;photo4&quot;,&quot;name&quot;:&quot;HotSpot BubleGum Update&quot;}}&gt; but was: &lt;{&quot;id&quot;:1,&quot;power&quot;:120,&quot;battery&quot;:22450,&quot;type&quot;:&quot;РњРѕРґ&quot;,&quot;itemForVape&quot;:{&quot;id&quot;:1,&quot;photo&quot;:&quot;path\\photo1&quot;,&quot;name&quot;:&quot;РњРёС€РєРё 3РІ1&quot;}}&gt;
	at org.junit.jupiter.api.AssertionUtils.fail(AssertionUtils.java:55)
	at org.junit.jupiter.api.AssertEquals.failNotEqual(AssertEquals.java:195)
	at org.junit.jupiter.api.AssertEquals.assertEquals(AssertEquals.java:184)
	at org.junit.jupiter.api.AssertEquals.assertEquals(AssertEquals.java:179)
	at org.junit.jupiter.api.Assertions.assertEquals(Assertions.java:1124)
	at vapeshop.test.controller.VapeUnitTest.testUpdateVape(VapeUnitTest.java:70)
	at java.base/jdk.internal.reflect.NativeMethodAccessorImpl.invoke0(Native Method)
	at java.base/jdk.internal.reflect.NativeMethodAccessorImpl.invoke(NativeMethodAccessorImpl.java:77)
	at java.base/jdk.internal.reflect.DelegatingMethodAccessorImpl.invoke(DelegatingMethodAccessorImpl.java:43)
	at java.base/java.lang.reflect.Method.invoke(Method.java:568)
	at org.junit.runners.model.FrameworkMethod$1.runReflectiveCall(FrameworkMethod.java:59)
	at org.junit.internal.runners.model.ReflectiveCallable.run(ReflectiveCallable.java:12)
	at org.junit.runners.model.FrameworkMethod.invokeExplosively(FrameworkMethod.java:56)
	at org.junit.internal.runners.statements.InvokeMethod.evaluate(InvokeMethod.java:17)
	at org.springframework.test.context.junit4.statements.RunBeforeTestExecutionCallbacks.evaluate(RunBeforeTestExecutionCallbacks.java:74)
	at org.springframework.test.context.junit4.statements.RunAfterTestExecutionCallbacks.evaluate(RunAfterTestExecutionCallbacks.java:84)
	at org.junit.internal.runners.statements.RunBefores.evaluate(RunBefores.java:26)
	at org.springframework.test.context.junit4.statements.RunBeforeTestMethodCallbacks.evaluate(RunBeforeTestMethodCallbacks.java:75)
	at org.springframework.test.context.junit4.statements.RunAfterTestMethodCallbacks.evaluate(RunAfterTestMethodCallbacks.java:86)
	at org.springframework.test.context.junit4.statements.SpringRepeat.evaluate(SpringRepeat.java:84)
	at org.junit.runners.ParentRunner.runLeaf(ParentRunner.java:366)
	at org.springframework.test.context.junit4.SpringJUnit4ClassRunner.runChild(SpringJUnit4ClassRunner.java:251)
	at org.springframework.test.context.junit4.SpringJUnit4ClassRunner.runChild(SpringJUnit4ClassRunner.java:97)
	at org.junit.runners.ParentRunner$4.run(ParentRunner.java:331)
	at org.junit.runners.ParentRunner$1.schedule(ParentRunner.java:79)
	at org.junit.runners.ParentRunner.runChildren(ParentRunner.java:329)
	at org.junit.runners.ParentRunner.access$100(ParentRunner.java:66)
	at org.junit.runners.ParentRunner$2.evaluate(ParentRunner.java:293)
	at org.springframework.test.context.junit4.statements.RunBeforeTestClassCallbacks.evaluate(RunBeforeTestClassCallbacks.java:61)
	at org.springframework.test.context.junit4.statements.RunAfterTestClassCallbacks.evaluate(RunAfterTestClassCallbacks.java:70)
	at org.junit.runners.ParentRunner$3.evaluate(ParentRunner.java:306)
	at org.junit.runners.ParentRunner.run(ParentRunner.java:413)
	at org.springframework.test.context.junit4.SpringJUnit4ClassRunner.run(SpringJUnit4ClassRunner.java:190)
	at org.apache.maven.surefire.junit4.JUnit4Provider.execute(JUnit4Provider.java:252)
	at org.apache.maven.surefire.junit4.JUnit4Provider.executeTestSet(JUnit4Provider.java:141)
	at org.apache.maven.surefire.junit4.JUnit4Provider.invoke(JUnit4Provider.java:112)
	at java.base/jdk.internal.reflect.NativeMethodAccessorImpl.invoke0(Native Method)
	at java.base/jdk.internal.reflect.NativeMethodAccessorImpl.invoke(NativeMethodAccessorImpl.java:77)
	at java.base/jdk.internal.reflect.DelegatingMethodAccessorImpl.invoke(DelegatingMethodAccessorImpl.java:43)
	at java.base/java.lang.reflect.Method.invoke(Method.java:568)
	at org.apache.maven.surefire.util.ReflectionUtils.invokeMethodWithArray(ReflectionUtils.java:189)
	at org.apache.maven.surefire.booter.ProviderFactory$ProviderProxy.invoke(ProviderFactory.java:165)
	at org.apache.maven.surefire.booter.ProviderFactory.invokeProvider(ProviderFactory.java:85)
	at org.apache.maven.surefire.booter.ForkedBooter.runSuitesInProcess(ForkedBooter.java:115)
	at org.apache.maven.surefire.booter.ForkedBooter.main(ForkedBooter.java:75)
</failure>
    <system-out>Hibernate: select vape0_.id_vape as id_vape1_10_0_, vape0_.battery as battery2_10_0_, vape0_.vape_id as vape_id5_10_0_, vape0_.power_vape as power_va3_10_0_, vape0_.type_vape as type_vap4_10_0_ from Vape vape0_ where vape0_.id_vape=?
Hibernate: update Vape set battery=?, vape_id=?, power_vape=?, type_vape=? where id_vape=?
Hibernate: select vape0_.id_vape as id_vape1_10_0_, item1_.id_item as id_item1_1_1_, vape0_.battery as battery2_10_0_, vape0_.vape_id as vape_id5_10_0_, vape0_.power_vape as power_va3_10_0_, vape0_.type_vape as type_vap4_10_0_, item1_.id_category as id_categ6_1_1_, item1_.name as name2_1_1_, item1_.photo as photo3_1_1_, item1_.price as price4_1_1_, item1_.quantity as quantity5_1_1_ from Vape vape0_ left outer join item item1_ on vape0_.vape_id=item1_.id_item where vape0_.id_vape=1
Hibernate: select liquide0_.id_liquide as id_liqui1_2_0_, liquide0_.flavour as flavour2_2_0_, liquide0_.fortress as fortress3_2_0_, liquide0_.liquide_id_item as liquide_6_2_0_, liquide0_.type_nicotine as type_nic4_2_0_, liquide0_.volume as volume5_2_0_ from liquide liquide0_ where liquide0_.liquide_id_item=?
Hibernate: select vaporizer0_.id_vaporizer as id_vapor1_11_0_, vaporizer0_.vaporizer_id_item as vaporize4_11_0_, vaporizer0_.resistance as resistan2_11_0_, vaporizer0_.type_vaporizer as type_vap3_11_0_ from vaporizer vaporizer0_ where vaporizer0_.vaporizer_id_item=?
</system-out>
  </testcase>
  <testcase classname="vapeshop.test.controller.VapeUnitTest" name="testGetAllVape" time="0.009"/>
  <testcase classname="vapeshop.test.controller.VapeUnitTest" name="testDeleteCategory" time="0.013"/>
</testsuite>