<?xml version="1.0" encoding="UTF-8" ?>
<testsuite tests="5" failures="2" name="vapeshop.test.controller.RatingUnitTest" time="0.101" errors="0" skipped="0">
  <properties>
[...]
</properties>
  <testcase classname="vapeshop.test.controller.RatingUnitTest" name="testGetByIdRating" time="0"/>
  <testcase classname="vapeshop.test.controller.RatingUnitTest" name="testUpdateRating" time="0.031">
    <failure message="expected: &lt;{&quot;id&quot;:3,&quot;comment&quot;:&quot;bad&quot;,&quot;quantityStar&quot;:3,&quot;user&quot;:{&quot;id&quot;:1,&quot;surname&quot;:&quot;ÐÐµÑÑÑÐ¾Ðº&quot;,&quot;name&quot;:&quot;ÐÐ»ÑÑ&quot;,&quot;patronymic&quot;:&quot;ÐÐ»ÐµÐºÑÐ°Ð½Ð´ÑÐ¾Ð²Ð¸Ñ&quot;}}&gt; but was: &lt;{&quot;id&quot;:3,&quot;comment&quot;:&quot;bad&quot;,&quot;quantityStar&quot;:3,&quot;idUser&quot;:1}&gt;" type="org.opentest4j.AssertionFailedError">org.opentest4j.AssertionFailedError: expected: &lt;{&quot;id&quot;:3,&quot;comment&quot;:&quot;bad&quot;,&quot;quantityStar&quot;:3,&quot;user&quot;:{&quot;id&quot;:1,&quot;surname&quot;:&quot;ÐÐµÑÑÑÐ¾Ðº&quot;,&quot;name&quot;:&quot;ÐÐ»ÑÑ&quot;,&quot;patronymic&quot;:&quot;ÐÐ»ÐµÐºÑÐ°Ð½Ð´ÑÐ¾Ð²Ð¸Ñ&quot;}}&gt; but was: &lt;{&quot;id&quot;:3,&quot;comment&quot;:&quot;bad&quot;,&quot;quantityStar&quot;:3,&quot;idUser&quot;:1}&gt;
	at org.junit.jupiter.api.AssertionUtils.fail(AssertionUtils.java:55)
	at org.junit.jupiter.api.AssertEquals.failNotEqual(AssertEquals.java:195)
	at org.junit.jupiter.api.AssertEquals.assertEquals(AssertEquals.java:184)
	at org.junit.jupiter.api.AssertEquals.assertEquals(AssertEquals.java:179)
	at org.junit.jupiter.api.Assertions.assertEquals(Assertions.java:1124)
	at vapeshop.test.controller.RatingUnitTest.testUpdateRating(RatingUnitTest.java:77)
	at java.base/jdk.internal.reflect.NativeMethodAccessorImpl.invoke0(Native Method)
	at java.base/jdk.internal.reflect.NativeMethodAccessorImpl.invoke(NativeMethodAccessorImpl.java:77)
	at java.base/jdk.internal.reflect.DelegatingMethodAccessorImpl.invoke(DelegatingMethodAccessorImpl.java:43)
	at java.base/java.lang.reflect.Method.invoke(Method.java:568)
	at org.junit.runners.model.FrameworkMethod$1.runReflectiveCall(FrameworkMethod.java:59)
	at org.junit.internal.runners.model.ReflectiveCallable.run(ReflectiveCallable.java:12)
	at org.junit.runners.model.FrameworkMethod.invokeExplosively(FrameworkMethod.java:56)
	at org.junit.internal.runners.statements.InvokeMethod.evaluate(InvokeMethod.java:17)
	at org.springframework.test.context.junit4.statements.RunBeforeTestExecutionCallbacks.evaluate(RunBeforeTestExecutionCallbacks.java:74)
	at org.springframework.test.context.junit4.statements.RunAfterTestExecutionCallbacks.evaluate(RunAfterTestExecutionCallbacks.java:84)
	at org.junit.internal.runners.statements.RunBefores.evaluate(RunBefores.java:26)
	at org.springframework.test.context.junit4.statements.RunBeforeTestMethodCallbacks.evaluate(RunBeforeTestMethodCallbacks.java:75)
	at org.springframework.test.context.junit4.statements.RunAfterTestMethodCallbacks.evaluate(RunAfterTestMethodCallbacks.java:86)
	at org.springframework.test.context.junit4.statements.SpringRepeat.evaluate(SpringRepeat.java:84)
	at org.junit.runners.ParentRunner.runLeaf(ParentRunner.java:366)
	at org.springframework.test.context.junit4.SpringJUnit4ClassRunner.runChild(SpringJUnit4ClassRunner.java:251)
	at org.springframework.test.context.junit4.SpringJUnit4ClassRunner.runChild(SpringJUnit4ClassRunner.java:97)
	at org.junit.runners.ParentRunner$4.run(ParentRunner.java:331)
	at org.junit.runners.ParentRunner$1.schedule(ParentRunner.java:79)
	at org.junit.runners.ParentRunner.runChildren(ParentRunner.java:329)
	at org.junit.runners.ParentRunner.access$100(ParentRunner.java:66)
	at org.junit.runners.ParentRunner$2.evaluate(ParentRunner.java:293)
	at org.springframework.test.context.junit4.statements.RunBeforeTestClassCallbacks.evaluate(RunBeforeTestClassCallbacks.java:61)
	at org.springframework.test.context.junit4.statements.RunAfterTestClassCallbacks.evaluate(RunAfterTestClassCallbacks.java:70)
	at org.junit.runners.ParentRunner$3.evaluate(ParentRunner.java:306)
	at org.junit.runners.ParentRunner.run(ParentRunner.java:413)
	at org.springframework.test.context.junit4.SpringJUnit4ClassRunner.run(SpringJUnit4ClassRunner.java:190)
	at org.apache.maven.surefire.junit4.JUnit4Provider.execute(JUnit4Provider.java:252)
	at org.apache.maven.surefire.junit4.JUnit4Provider.executeTestSet(JUnit4Provider.java:141)
	at org.apache.maven.surefire.junit4.JUnit4Provider.invoke(JUnit4Provider.java:112)
	at java.base/jdk.internal.reflect.NativeMethodAccessorImpl.invoke0(Native Method)
	at java.base/jdk.internal.reflect.NativeMethodAccessorImpl.invoke(NativeMethodAccessorImpl.java:77)
	at java.base/jdk.internal.reflect.DelegatingMethodAccessorImpl.invoke(DelegatingMethodAccessorImpl.java:43)
	at java.base/java.lang.reflect.Method.invoke(Method.java:568)
	at org.apache.maven.surefire.util.ReflectionUtils.invokeMethodWithArray(ReflectionUtils.java:189)
	at org.apache.maven.surefire.booter.ProviderFactory$ProviderProxy.invoke(ProviderFactory.java:165)
	at org.apache.maven.surefire.booter.ProviderFactory.invokeProvider(ProviderFactory.java:85)
	at org.apache.maven.surefire.booter.ForkedBooter.runSuitesInProcess(ForkedBooter.java:115)
	at org.apache.maven.surefire.booter.ForkedBooter.main(ForkedBooter.java:75)
</failure>
    <system-out>Hibernate: select user0_.id_user as id_user1_9_0_, user0_.login as login2_9_0_, user0_.mail as mail3_9_0_, user0_.name as name4_9_0_, user0_.password as password5_9_0_, user0_.patronymic as patronym6_9_0_, user0_.user_id_role as user_id_8_9_0_, user0_.surname as surname7_9_0_ from users user0_ where user0_.id_user=?
Hibernate: select item0_.id_item as id_item1_1_0_, item0_.id_category as id_categ6_1_0_, item0_.name as name2_1_0_, item0_.photo as photo3_1_0_, item0_.price as price4_1_0_, item0_.quantity as quantity5_1_0_ from item item0_ where item0_.id_item=?
Hibernate: select liquide0_.id_liquide as id_liqui1_2_0_, liquide0_.flavour as flavour2_2_0_, liquide0_.fortress as fortress3_2_0_, liquide0_.liquide_id_item as liquide_6_2_0_, liquide0_.type_nicotine as type_nic4_2_0_, liquide0_.volume as volume5_2_0_ from liquide liquide0_ where liquide0_.liquide_id_item=?
Hibernate: select vape0_.id_vape as id_vape1_10_0_, vape0_.battery as battery2_10_0_, vape0_.vape_id as vape_id5_10_0_, vape0_.power_vape as power_va3_10_0_, vape0_.type_vape as type_vap4_10_0_ from Vape vape0_ where vape0_.vape_id=?
Hibernate: select vaporizer0_.id_vaporizer as id_vapor1_11_0_, vaporizer0_.vaporizer_id_item as vaporize4_11_0_, vaporizer0_.resistance as resistan2_11_0_, vaporizer0_.type_vaporizer as type_vap3_11_0_ from vaporizer vaporizer0_ where vaporizer0_.vaporizer_id_item=?
Hibernate: insert into rating (id_rating, comment, rating_id_item, quantity_stars, rating_id_user) values (default, ?, ?, ?, ?)
Hibernate: select role0_.id_role as id_role1_7_0_, role0_.name_role as name_rol2_7_0_ from role role0_ where role0_.id_role=?
Hibernate: update rating set comment=?, quantity_stars=3 where id_rating=3
Hibernate: select rating0_.id_rating as id_ratin1_6_0_, rating0_.comment as comment2_6_0_, rating0_.rating_id_item as rating_i4_6_0_, rating0_.quantity_stars as quantity3_6_0_, rating0_.rating_id_user as rating_i5_6_0_ from rating rating0_ where rating0_.id_rating=?
Hibernate: select user0_.id_user as id_user1_9_0_, user0_.login as login2_9_0_, user0_.mail as mail3_9_0_, user0_.name as name4_9_0_, user0_.password as password5_9_0_, user0_.patronymic as patronym6_9_0_, user0_.user_id_role as user_id_8_9_0_, user0_.surname as surname7_9_0_ from users user0_ where user0_.id_user=?
</system-out>
  </testcase>
  <testcase classname="vapeshop.test.controller.RatingUnitTest" name="testDeleteRating" time="0.027"/>
  <testcase classname="vapeshop.test.controller.RatingUnitTest" name="testGetAllRating" time="0.015"/>
  <testcase classname="vapeshop.test.controller.RatingUnitTest" name="testAddRating" time="0.028">
    <failure message="expected: &lt;{&quot;id&quot;:5,&quot;comment&quot;:&quot;good&quot;,&quot;quantityStar&quot;:3,&quot;user&quot;:{&quot;id&quot;:1,&quot;surname&quot;:&quot;Петушок&quot;,&quot;name&quot;:&quot;Илья&quot;,&quot;patronymic&quot;:&quot;Александрович&quot;}}&gt; but was: &lt;{&quot;id&quot;:5,&quot;comment&quot;:&quot;good&quot;,&quot;quantityStar&quot;:3,&quot;idUser&quot;:1}&gt;" type="org.opentest4j.AssertionFailedError">org.opentest4j.AssertionFailedError: expected: &lt;{&quot;id&quot;:5,&quot;comment&quot;:&quot;good&quot;,&quot;quantityStar&quot;:3,&quot;user&quot;:{&quot;id&quot;:1,&quot;surname&quot;:&quot;Петушок&quot;,&quot;name&quot;:&quot;Илья&quot;,&quot;patronymic&quot;:&quot;Александрович&quot;}}&gt; but was: &lt;{&quot;id&quot;:5,&quot;comment&quot;:&quot;good&quot;,&quot;quantityStar&quot;:3,&quot;idUser&quot;:1}&gt;
	at org.junit.jupiter.api.AssertionUtils.fail(AssertionUtils.java:55)
	at org.junit.jupiter.api.AssertEquals.failNotEqual(AssertEquals.java:195)
	at org.junit.jupiter.api.AssertEquals.assertEquals(AssertEquals.java:184)
	at org.junit.jupiter.api.AssertEquals.assertEquals(AssertEquals.java:179)
	at org.junit.jupiter.api.Assertions.assertEquals(Assertions.java:1124)
	at vapeshop.test.controller.RatingUnitTest.testAddRating(RatingUnitTest.java:61)
	at java.base/jdk.internal.reflect.NativeMethodAccessorImpl.invoke0(Native Method)
	at java.base/jdk.internal.reflect.NativeMethodAccessorImpl.invoke(NativeMethodAccessorImpl.java:77)
	at java.base/jdk.internal.reflect.DelegatingMethodAccessorImpl.invoke(DelegatingMethodAccessorImpl.java:43)
	at java.base/java.lang.reflect.Method.invoke(Method.java:568)
	at org.junit.runners.model.FrameworkMethod$1.runReflectiveCall(FrameworkMethod.java:59)
	at org.junit.internal.runners.model.ReflectiveCallable.run(ReflectiveCallable.java:12)
	at org.junit.runners.model.FrameworkMethod.invokeExplosively(FrameworkMethod.java:56)
	at org.junit.internal.runners.statements.InvokeMethod.evaluate(InvokeMethod.java:17)
	at org.springframework.test.context.junit4.statements.RunBeforeTestExecutionCallbacks.evaluate(RunBeforeTestExecutionCallbacks.java:74)
	at org.springframework.test.context.junit4.statements.RunAfterTestExecutionCallbacks.evaluate(RunAfterTestExecutionCallbacks.java:84)
	at org.junit.internal.runners.statements.RunBefores.evaluate(RunBefores.java:26)
	at org.springframework.test.context.junit4.statements.RunBeforeTestMethodCallbacks.evaluate(RunBeforeTestMethodCallbacks.java:75)
	at org.springframework.test.context.junit4.statements.RunAfterTestMethodCallbacks.evaluate(RunAfterTestMethodCallbacks.java:86)
	at org.springframework.test.context.junit4.statements.SpringRepeat.evaluate(SpringRepeat.java:84)
	at org.junit.runners.ParentRunner.runLeaf(ParentRunner.java:366)
	at org.springframework.test.context.junit4.SpringJUnit4ClassRunner.runChild(SpringJUnit4ClassRunner.java:251)
	at org.springframework.test.context.junit4.SpringJUnit4ClassRunner.runChild(SpringJUnit4ClassRunner.java:97)
	at org.junit.runners.ParentRunner$4.run(ParentRunner.java:331)
	at org.junit.runners.ParentRunner$1.schedule(ParentRunner.java:79)
	at org.junit.runners.ParentRunner.runChildren(ParentRunner.java:329)
	at org.junit.runners.ParentRunner.access$100(ParentRunner.java:66)
	at org.junit.runners.ParentRunner$2.evaluate(ParentRunner.java:293)
	at org.springframework.test.context.junit4.statements.RunBeforeTestClassCallbacks.evaluate(RunBeforeTestClassCallbacks.java:61)
	at org.springframework.test.context.junit4.statements.RunAfterTestClassCallbacks.evaluate(RunAfterTestClassCallbacks.java:70)
	at org.junit.runners.ParentRunner$3.evaluate(ParentRunner.java:306)
	at org.junit.runners.ParentRunner.run(ParentRunner.java:413)
	at org.springframework.test.context.junit4.SpringJUnit4ClassRunner.run(SpringJUnit4ClassRunner.java:190)
	at org.apache.maven.surefire.junit4.JUnit4Provider.execute(JUnit4Provider.java:252)
	at org.apache.maven.surefire.junit4.JUnit4Provider.executeTestSet(JUnit4Provider.java:141)
	at org.apache.maven.surefire.junit4.JUnit4Provider.invoke(JUnit4Provider.java:112)
	at java.base/jdk.internal.reflect.NativeMethodAccessorImpl.invoke0(Native Method)
	at java.base/jdk.internal.reflect.NativeMethodAccessorImpl.invoke(NativeMethodAccessorImpl.java:77)
	at java.base/jdk.internal.reflect.DelegatingMethodAccessorImpl.invoke(DelegatingMethodAccessorImpl.java:43)
	at java.base/java.lang.reflect.Method.invoke(Method.java:568)
	at org.apache.maven.surefire.util.ReflectionUtils.invokeMethodWithArray(ReflectionUtils.java:189)
	at org.apache.maven.surefire.booter.ProviderFactory$ProviderProxy.invoke(ProviderFactory.java:165)
	at org.apache.maven.surefire.booter.ProviderFactory.invokeProvider(ProviderFactory.java:85)
	at org.apache.maven.surefire.booter.ForkedBooter.runSuitesInProcess(ForkedBooter.java:115)
	at org.apache.maven.surefire.booter.ForkedBooter.main(ForkedBooter.java:75)
</failure>
    <system-out>Hibernate: select user0_.id_user as id_user1_9_0_, user0_.login as login2_9_0_, user0_.mail as mail3_9_0_, user0_.name as name4_9_0_, user0_.password as password5_9_0_, user0_.patronymic as patronym6_9_0_, user0_.user_id_role as user_id_8_9_0_, user0_.surname as surname7_9_0_ from users user0_ where user0_.id_user=?
Hibernate: select item0_.id_item as id_item1_1_0_, item0_.id_category as id_categ6_1_0_, item0_.name as name2_1_0_, item0_.photo as photo3_1_0_, item0_.price as price4_1_0_, item0_.quantity as quantity5_1_0_ from item item0_ where item0_.id_item=?
Hibernate: select liquide0_.id_liquide as id_liqui1_2_0_, liquide0_.flavour as flavour2_2_0_, liquide0_.fortress as fortress3_2_0_, liquide0_.liquide_id_item as liquide_6_2_0_, liquide0_.type_nicotine as type_nic4_2_0_, liquide0_.volume as volume5_2_0_ from liquide liquide0_ where liquide0_.liquide_id_item=?
Hibernate: select vape0_.id_vape as id_vape1_10_0_, vape0_.battery as battery2_10_0_, vape0_.vape_id as vape_id5_10_0_, vape0_.power_vape as power_va3_10_0_, vape0_.type_vape as type_vap4_10_0_ from Vape vape0_ where vape0_.vape_id=?
Hibernate: select vaporizer0_.id_vaporizer as id_vapor1_11_0_, vaporizer0_.vaporizer_id_item as vaporize4_11_0_, vaporizer0_.resistance as resistan2_11_0_, vaporizer0_.type_vaporizer as type_vap3_11_0_ from vaporizer vaporizer0_ where vaporizer0_.vaporizer_id_item=?
Hibernate: insert into rating (id_rating, comment, rating_id_item, quantity_stars, rating_id_user) values (default, ?, ?, ?, ?)
Hibernate: select role0_.id_role as id_role1_7_0_, role0_.name_role as name_rol2_7_0_ from role role0_ where role0_.id_role=?
Hibernate: select rating0_.id_rating as id_ratin1_6_, rating0_.comment as comment2_6_, rating0_.rating_id_item as rating_i4_6_, rating0_.quantity_stars as quantity3_6_, rating0_.rating_id_user as rating_i5_6_ from rating rating0_ where rating0_.id_rating=5
Hibernate: select user0_.id_user as id_user1_9_0_, user0_.login as login2_9_0_, user0_.mail as mail3_9_0_, user0_.name as name4_9_0_, user0_.password as password5_9_0_, user0_.patronymic as patronym6_9_0_, user0_.user_id_role as user_id_8_9_0_, user0_.surname as surname7_9_0_ from users user0_ where user0_.id_user=?
</system-out>
  </testcase>
</testsuite>