-------------------------------------------------------------------------------
Test set: vapeshop.test.service.OrderUnitTest
-------------------------------------------------------------------------------
Tests run: 4, Failures: 0, Errors: 1, Skipped: 0, Time elapsed: 0.106 sec <<< FAILURE!
testGetByIdOrder(vapeshop.test.service.OrderUnitTest)  Time elapsed: 0.005 sec  <<< ERROR!
org.modelmapper.MappingException: ModelMapper mapping errors:

1) Error mapping project.vapeshop.entity.common.Order to project.vapeshop.dto.common.OrderDTOFullInfo

1 error
	at org.modelmapper.internal.Errors.throwMappingExceptionIfErrorsExist(Errors.java:386)
	at org.modelmapper.internal.MappingEngineImpl.map(MappingEngineImpl.java:80)
	at org.modelmapper.ModelMapper.mapInternal(ModelMapper.java:589)
	at org.modelmapper.ModelMapper.map(ModelMapper.java:420)
	at project.vapeshop.service.common.OrderService.showObject(OrderService.java:31)
	at vapeshop.test.service.OrderUnitTest.testGetByIdOrder(OrderUnitTest.java:53)
	at java.base/jdk.internal.reflect.NativeMethodAccessorImpl.invoke0(Native Method)
	at java.base/jdk.internal.reflect.NativeMethodAccessorImpl.invoke(NativeMethodAccessorImpl.java:77)
	at java.base/jdk.internal.reflect.DelegatingMethodAccessorImpl.invoke(DelegatingMethodAccessorImpl.java:43)
	at java.base/java.lang.reflect.Method.invoke(Method.java:568)
	at org.junit.runners.model.FrameworkMethod$1.runReflectiveCall(FrameworkMethod.java:59)
	at org.junit.internal.runners.model.ReflectiveCallable.run(ReflectiveCallable.java:12)
	at org.junit.runners.model.FrameworkMethod.invokeExplosively(FrameworkMethod.java:56)
	at org.junit.internal.runners.statements.InvokeMethod.evaluate(InvokeMethod.java:17)
	at org.junit.internal.runners.statements.RunBefores.evaluate(RunBefores.java:26)
	at org.junit.runners.ParentRunner$3.evaluate(ParentRunner.java:306)
	at org.junit.runners.BlockJUnit4ClassRunner$1.evaluate(BlockJUnit4ClassRunner.java:100)
	at org.junit.runners.ParentRunner.runLeaf(ParentRunner.java:366)
	at org.junit.runners.BlockJUnit4ClassRunner.runChild(BlockJUnit4ClassRunner.java:103)
	at org.junit.runners.BlockJUnit4ClassRunner.runChild(BlockJUnit4ClassRunner.java:63)
	at org.junit.runners.ParentRunner$4.run(ParentRunner.java:331)
	at org.junit.runners.ParentRunner$1.schedule(ParentRunner.java:79)
	at org.junit.runners.ParentRunner.runChildren(ParentRunner.java:329)
	at org.junit.runners.ParentRunner.access$100(ParentRunner.java:66)
	at org.junit.runners.ParentRunner$2.evaluate(ParentRunner.java:293)
	at org.junit.runners.ParentRunner$3.evaluate(ParentRunner.java:306)
	at org.junit.runners.ParentRunner.run(ParentRunner.java:413)
	at org.apache.maven.surefire.junit4.JUnit4Provider.execute(JUnit4Provider.java:252)
	at org.apache.maven.surefire.junit4.JUnit4Provider.executeTestSet(JUnit4Provider.java:141)
	at org.apache.maven.surefire.junit4.JUnit4Provider.invoke(JUnit4Provider.java:112)
	at java.base/jdk.internal.reflect.NativeMethodAccessorImpl.invoke0(Native Method)
	at java.base/jdk.internal.reflect.NativeMethodAccessorImpl.invoke(NativeMethodAccessorImpl.java:77)
	at java.base/jdk.internal.reflect.DelegatingMethodAccessorImpl.invoke(DelegatingMethodAccessorImpl.java:43)
	at java.base/java.lang.reflect.Method.invoke(Method.java:568)
	at org.apache.maven.surefire.util.ReflectionUtils.invokeMethodWithArray(ReflectionUtils.java:189)
	at org.apache.maven.surefire.booter.ProviderFactory$ProviderProxy.invoke(ProviderFactory.java:165)
	at org.apache.maven.surefire.booter.ProviderFactory.invokeProvider(ProviderFactory.java:85)
	at org.apache.maven.surefire.booter.ForkedBooter.runSuitesInProcess(ForkedBooter.java:115)
	at org.apache.maven.surefire.booter.ForkedBooter.main(ForkedBooter.java:75)
Caused by: org.modelmapper.MappingException: ModelMapper mapping errors:

1) Failed to set value 'null' on project.vapeshop.dto.user.UserDTOForCommon.setName()

1 error
	at org.modelmapper.internal.Errors.toMappingException(Errors.java:257)
	at org.modelmapper.internal.PropertyInfoImpl$MethodMutator.setValue(PropertyInfoImpl.java:126)
	at org.modelmapper.internal.MappingEngineImpl.setDestinationValue(MappingEngineImpl.java:254)
	at org.modelmapper.internal.MappingEngineImpl.propertyMap(MappingEngineImpl.java:187)
	at org.modelmapper.internal.MappingEngineImpl.typeMap(MappingEngineImpl.java:151)
	at org.modelmapper.internal.MappingEngineImpl.map(MappingEngineImpl.java:114)
	at org.modelmapper.internal.MappingEngineImpl.map(MappingEngineImpl.java:71)
	at org.modelmapper.ModelMapper.mapInternal(ModelMapper.java:589)
	at org.modelmapper.ModelMapper.map(ModelMapper.java:422)
	at jdk.internal.reflect.GeneratedMethodAccessor246.invoke(Unknown Source)
	at java.base/jdk.internal.reflect.DelegatingMethodAccessorImpl.invoke(DelegatingMethodAccessorImpl.java:43)
	at java.base/java.lang.reflect.Method.invoke(Method.java:568)
	at org.mockito.internal.creation.bytebuddy.MockMethodAdvice.tryInvoke(MockMethodAdvice.java:213)
	at org.mockito.internal.creation.bytebuddy.MockMethodAdvice.access$400(MockMethodAdvice.java:35)
	at org.mockito.internal.creation.bytebuddy.MockMethodAdvice$RealMethodCall.invoke(MockMethodAdvice.java:165)
	at org.mockito.internal.invocation.InterceptedInvocation.callRealMethod(InterceptedInvocation.java:152)
	at org.mockito.internal.stubbing.answers.CallsRealMethods.answer(CallsRealMethods.java:44)
	at org.mockito.Answers.answer(Answers.java:100)
	at org.mockito.internal.handler.MockHandlerImpl.handle(MockHandlerImpl.java:103)
	at org.mockito.internal.handler.NullResultGuardian.handle(NullResultGuardian.java:29)
	at org.mockito.internal.handler.InvocationNotifierHandler.handle(InvocationNotifierHandler.java:35)
	at org.mockito.internal.creation.bytebuddy.MockMethodInterceptor.doIntercept(MockMethodInterceptor.java:61)
	at org.mockito.internal.creation.bytebuddy.MockMethodAdvice.handle(MockMethodAdvice.java:106)
	... 36 more
Caused by: java.lang.reflect.InvocationTargetException
	at java.base/jdk.internal.reflect.NativeMethodAccessorImpl.invoke0(Native Method)
	at java.base/jdk.internal.reflect.NativeMethodAccessorImpl.invoke(NativeMethodAccessorImpl.java:77)
	at java.base/jdk.internal.reflect.DelegatingMethodAccessorImpl.invoke(DelegatingMethodAccessorImpl.java:43)
	at java.base/java.lang.reflect.Method.invoke(Method.java:568)
	at org.modelmapper.internal.PropertyInfoImpl$MethodMutator.setValue(PropertyInfoImpl.java:124)
	... 57 more
Caused by: java.lang.NullPointerException: name is marked non-null but is null
	at project.vapeshop.dto.user.UserDTOForCommon.setName(UserDTOForCommon.java:6)
	... 62 more

