<?xml version="1.0" encoding="UTF-8" ?>
<testsuite tests="5" failures="0" name="vapeshop.test.controller.VaporizerUnitTest" time="0.159" errors="1" skipped="0">
  <properties>
[...]
</properties>
  <testcase classname="vapeshop.test.controller.VaporizerUnitTest" name="testDeleteVaporizer" time="0.056"/>
  <testcase classname="vapeshop.test.controller.VaporizerUnitTest" name="testUpdateVape" time="0.031">
    <error message="Request processing failed; nested exception is org.modelmapper.MappingException: ModelMapper mapping errors:

1) Error mapping project.vapeshop.entity.product.Vaporizer to project.vapeshop.dto.product.VaporizerDTOFullInfo

1 error" type="org.springframework.web.util.NestedServletException">org.springframework.web.util.NestedServletException: Request processing failed; nested exception is org.modelmapper.MappingException: ModelMapper mapping errors:

1) Error mapping project.vapeshop.entity.product.Vaporizer to project.vapeshop.dto.product.VaporizerDTOFullInfo

1 error
	at org.springframework.web.servlet.FrameworkServlet.processRequest(FrameworkServlet.java:1014)
	at org.springframework.web.servlet.FrameworkServlet.doPut(FrameworkServlet.java:920)
	at javax.servlet.http.HttpServlet.service(HttpServlet.java:668)
	at org.springframework.web.servlet.FrameworkServlet.service(FrameworkServlet.java:883)
	at org.springframework.test.web.servlet.TestDispatcherServlet.service(TestDispatcherServlet.java:72)
	at javax.servlet.http.HttpServlet.service(HttpServlet.java:750)
	at org.springframework.mock.web.MockFilterChain$ServletFilterProxy.doFilter(MockFilterChain.java:167)
	at org.springframework.mock.web.MockFilterChain.doFilter(MockFilterChain.java:134)
	at project.vapeshop.security.JwtFilter.doFilter(JwtFilter.java:39)
	at org.springframework.mock.web.MockFilterChain.doFilter(MockFilterChain.java:134)
	at org.springframework.test.web.servlet.MockMvc.perform(MockMvc.java:183)
	at vapeshop.test.controller.VaporizerUnitTest.testUpdateVape(VaporizerUnitTest.java:86)
	at java.base/jdk.internal.reflect.NativeMethodAccessorImpl.invoke0(Native Method)
	at java.base/jdk.internal.reflect.NativeMethodAccessorImpl.invoke(NativeMethodAccessorImpl.java:77)
	at java.base/jdk.internal.reflect.DelegatingMethodAccessorImpl.invoke(DelegatingMethodAccessorImpl.java:43)
	at java.base/java.lang.reflect.Method.invoke(Method.java:568)
	at org.junit.runners.model.FrameworkMethod$1.runReflectiveCall(FrameworkMethod.java:59)
	at org.junit.internal.runners.model.ReflectiveCallable.run(ReflectiveCallable.java:12)
	at org.junit.runners.model.FrameworkMethod.invokeExplosively(FrameworkMethod.java:56)
	at org.junit.internal.runners.statements.InvokeMethod.evaluate(InvokeMethod.java:17)
	at org.springframework.test.context.junit4.statements.RunBeforeTestExecutionCallbacks.evaluate(RunBeforeTestExecutionCallbacks.java:74)
	at org.springframework.test.context.junit4.statements.RunAfterTestExecutionCallbacks.evaluate(RunAfterTestExecutionCallbacks.java:84)
	at org.junit.internal.runners.statements.RunBefores.evaluate(RunBefores.java:26)
	at org.springframework.test.context.junit4.statements.RunBeforeTestMethodCallbacks.evaluate(RunBeforeTestMethodCallbacks.java:75)
	at org.springframework.test.context.junit4.statements.RunAfterTestMethodCallbacks.evaluate(RunAfterTestMethodCallbacks.java:86)
	at org.springframework.test.context.junit4.statements.SpringRepeat.evaluate(SpringRepeat.java:84)
	at org.junit.runners.ParentRunner.runLeaf(ParentRunner.java:366)
	at org.springframework.test.context.junit4.SpringJUnit4ClassRunner.runChild(SpringJUnit4ClassRunner.java:251)
	at org.springframework.test.context.junit4.SpringJUnit4ClassRunner.runChild(SpringJUnit4ClassRunner.java:97)
	at org.junit.runners.ParentRunner$4.run(ParentRunner.java:331)
	at org.junit.runners.ParentRunner$1.schedule(ParentRunner.java:79)
	at org.junit.runners.ParentRunner.runChildren(ParentRunner.java:329)
	at org.junit.runners.ParentRunner.access$100(ParentRunner.java:66)
	at org.junit.runners.ParentRunner$2.evaluate(ParentRunner.java:293)
	at org.springframework.test.context.junit4.statements.RunBeforeTestClassCallbacks.evaluate(RunBeforeTestClassCallbacks.java:61)
	at org.springframework.test.context.junit4.statements.RunAfterTestClassCallbacks.evaluate(RunAfterTestClassCallbacks.java:70)
	at org.junit.runners.ParentRunner$3.evaluate(ParentRunner.java:306)
	at org.junit.runners.ParentRunner.run(ParentRunner.java:413)
	at org.springframework.test.context.junit4.SpringJUnit4ClassRunner.run(SpringJUnit4ClassRunner.java:190)
	at org.apache.maven.surefire.junit4.JUnit4Provider.execute(JUnit4Provider.java:252)
	at org.apache.maven.surefire.junit4.JUnit4Provider.executeTestSet(JUnit4Provider.java:141)
	at org.apache.maven.surefire.junit4.JUnit4Provider.invoke(JUnit4Provider.java:112)
	at java.base/jdk.internal.reflect.NativeMethodAccessorImpl.invoke0(Native Method)
	at java.base/jdk.internal.reflect.NativeMethodAccessorImpl.invoke(NativeMethodAccessorImpl.java:77)
	at java.base/jdk.internal.reflect.DelegatingMethodAccessorImpl.invoke(DelegatingMethodAccessorImpl.java:43)
	at java.base/java.lang.reflect.Method.invoke(Method.java:568)
	at org.apache.maven.surefire.util.ReflectionUtils.invokeMethodWithArray(ReflectionUtils.java:189)
	at org.apache.maven.surefire.booter.ProviderFactory$ProviderProxy.invoke(ProviderFactory.java:165)
	at org.apache.maven.surefire.booter.ProviderFactory.invokeProvider(ProviderFactory.java:85)
	at org.apache.maven.surefire.booter.ForkedBooter.runSuitesInProcess(ForkedBooter.java:115)
	at org.apache.maven.surefire.booter.ForkedBooter.main(ForkedBooter.java:75)
Caused by: org.modelmapper.MappingException: ModelMapper mapping errors:

1) Error mapping project.vapeshop.entity.product.Vaporizer to project.vapeshop.dto.product.VaporizerDTOFullInfo

1 error
	at org.modelmapper.internal.Errors.throwMappingExceptionIfErrorsExist(Errors.java:386)
	at org.modelmapper.internal.MappingEngineImpl.map(MappingEngineImpl.java:80)
	at org.modelmapper.ModelMapper.mapInternal(ModelMapper.java:589)
	at org.modelmapper.ModelMapper.map(ModelMapper.java:422)
	at project.vapeshop.service.product.VaporizerService.updateItem(VaporizerService.java:61)
	at project.vapeshop.service.product.VaporizerService$$FastClassBySpringCGLIB$$4cdcb84a.invoke(&lt;generated&gt;)
	at org.springframework.cglib.proxy.MethodProxy.invoke(MethodProxy.java:218)
	at org.springframework.aop.framework.CglibAopProxy$CglibMethodInvocation.invokeJoinpoint(CglibAopProxy.java:769)
	at org.springframework.aop.framework.ReflectiveMethodInvocation.proceed(ReflectiveMethodInvocation.java:163)
	at org.springframework.aop.framework.CglibAopProxy$CglibMethodInvocation.proceed(CglibAopProxy.java:747)
	at org.springframework.transaction.interceptor.TransactionAspectSupport.invokeWithinTransaction(TransactionAspectSupport.java:366)
	at org.springframework.transaction.interceptor.TransactionInterceptor.invoke(TransactionInterceptor.java:99)
	at org.springframework.aop.framework.ReflectiveMethodInvocation.proceed(ReflectiveMethodInvocation.java:186)
	at org.springframework.aop.framework.CglibAopProxy$CglibMethodInvocation.proceed(CglibAopProxy.java:747)
	at org.springframework.aop.framework.CglibAopProxy$DynamicAdvisedInterceptor.intercept(CglibAopProxy.java:689)
	at project.vapeshop.service.product.VaporizerService$$EnhancerBySpringCGLIB$$32d11969.updateItem(&lt;generated&gt;)
	at project.vapeshop.contoller.product.ControllerVaporizer.update(ControllerVaporizer.java:50)
	at project.vapeshop.contoller.product.ControllerVaporizer$$FastClassBySpringCGLIB$$34b8124.invoke(&lt;generated&gt;)
	at org.springframework.cglib.proxy.MethodProxy.invoke(MethodProxy.java:218)
	at org.springframework.aop.framework.CglibAopProxy$CglibMethodInvocation.invokeJoinpoint(CglibAopProxy.java:769)
	at org.springframework.aop.framework.ReflectiveMethodInvocation.proceed(ReflectiveMethodInvocation.java:163)
	at org.springframework.aop.framework.CglibAopProxy$CglibMethodInvocation.proceed(CglibAopProxy.java:747)
	at org.springframework.security.access.intercept.aopalliance.MethodSecurityInterceptor.invoke(MethodSecurityInterceptor.java:61)
	at org.springframework.aop.framework.ReflectiveMethodInvocation.proceed(ReflectiveMethodInvocation.java:186)
	at org.springframework.aop.framework.CglibAopProxy$CglibMethodInvocation.proceed(CglibAopProxy.java:747)
	at org.springframework.aop.framework.CglibAopProxy$DynamicAdvisedInterceptor.intercept(CglibAopProxy.java:689)
	at project.vapeshop.contoller.product.ControllerVaporizer$$EnhancerBySpringCGLIB$$a5f73bf4.update(&lt;generated&gt;)
	at java.base/jdk.internal.reflect.NativeMethodAccessorImpl.invoke0(Native Method)
	at java.base/jdk.internal.reflect.NativeMethodAccessorImpl.invoke(NativeMethodAccessorImpl.java:77)
	at java.base/jdk.internal.reflect.DelegatingMethodAccessorImpl.invoke(DelegatingMethodAccessorImpl.java:43)
	at java.base/java.lang.reflect.Method.invoke(Method.java:568)
	at org.springframework.web.method.support.InvocableHandlerMethod.doInvoke(InvocableHandlerMethod.java:190)
	at org.springframework.web.method.support.InvocableHandlerMethod.invokeForRequest(InvocableHandlerMethod.java:138)
	at org.springframework.web.servlet.mvc.method.annotation.ServletInvocableHandlerMethod.invokeAndHandle(ServletInvocableHandlerMethod.java:106)
	at org.springframework.web.servlet.mvc.method.annotation.RequestMappingHandlerAdapter.invokeHandlerMethod(RequestMappingHandlerAdapter.java:879)
	at org.springframework.web.servlet.mvc.method.annotation.RequestMappingHandlerAdapter.handleInternal(RequestMappingHandlerAdapter.java:793)
	at org.springframework.web.servlet.mvc.method.AbstractHandlerMethodAdapter.handle(AbstractHandlerMethodAdapter.java:87)
	at org.springframework.web.servlet.DispatcherServlet.doDispatch(DispatcherServlet.java:1040)
	at org.springframework.web.servlet.DispatcherServlet.doService(DispatcherServlet.java:943)
	at org.springframework.web.servlet.FrameworkServlet.processRequest(FrameworkServlet.java:1006)
	... 50 more
Caused by: org.modelmapper.MappingException: ModelMapper mapping errors:

1) Failed to get value from project.vapeshop.entity.product.Item.getName()

1 error
	at org.modelmapper.internal.Errors.toMappingException(Errors.java:257)
	at org.modelmapper.internal.PropertyInfoImpl$MethodAccessor.getValue(PropertyInfoImpl.java:104)
	at org.modelmapper.internal.MappingEngineImpl.resolveSourceValue(MappingEngineImpl.java:197)
	at org.modelmapper.internal.MappingEngineImpl.propertyMap(MappingEngineImpl.java:170)
	at org.modelmapper.internal.MappingEngineImpl.typeMap(MappingEngineImpl.java:151)
	at org.modelmapper.internal.MappingEngineImpl.map(MappingEngineImpl.java:105)
	at org.modelmapper.internal.MappingEngineImpl.map(MappingEngineImpl.java:71)
	... 88 more
Caused by: java.lang.reflect.InvocationTargetException
	at jdk.internal.reflect.GeneratedMethodAccessor98.invoke(Unknown Source)
	at java.base/jdk.internal.reflect.DelegatingMethodAccessorImpl.invoke(DelegatingMethodAccessorImpl.java:43)
	at java.base/java.lang.reflect.Method.invoke(Method.java:568)
	at org.modelmapper.internal.PropertyInfoImpl$MethodAccessor.getValue(PropertyInfoImpl.java:99)
	... 93 more
Caused by: org.hibernate.HibernateException: More than one row with the given identifier was found: 1, for class: project.vapeshop.entity.product.Vape
	at org.hibernate.loader.entity.AbstractEntityLoader.load(AbstractEntityLoader.java:104)
	at org.hibernate.loader.entity.AbstractEntityLoader.load(AbstractEntityLoader.java:66)
	at org.hibernate.persister.entity.AbstractEntityPersister.loadByUniqueKey(AbstractEntityPersister.java:2486)
	at org.hibernate.type.EntityType.loadByUniqueKey(EntityType.java:763)
	at org.hibernate.type.EntityType.resolve(EntityType.java:468)
	at org.hibernate.engine.internal.TwoPhaseLoad$EntityResolver.lambda$static$0(TwoPhaseLoad.java:576)
	at org.hibernate.engine.internal.TwoPhaseLoad.initializeEntityEntryLoadedState(TwoPhaseLoad.java:221)
	at org.hibernate.engine.internal.TwoPhaseLoad.initializeEntity(TwoPhaseLoad.java:155)
	at org.hibernate.engine.internal.TwoPhaseLoad.initializeEntity(TwoPhaseLoad.java:126)
	at org.hibernate.loader.plan.exec.process.internal.AbstractRowReader.performTwoPhaseLoad(AbstractRowReader.java:221)
	at org.hibernate.loader.plan.exec.process.internal.AbstractRowReader.finishUp(AbstractRowReader.java:187)
	at org.hibernate.loader.plan.exec.process.internal.ResultSetProcessorImpl.extractResults(ResultSetProcessorImpl.java:96)
	at org.hibernate.loader.plan.exec.internal.AbstractLoadPlanBasedLoader.executeLoad(AbstractLoadPlanBasedLoader.java:105)
	at org.hibernate.loader.entity.plan.AbstractLoadPlanBasedEntityLoader.load(AbstractLoadPlanBasedEntityLoader.java:285)
	at org.hibernate.persister.entity.AbstractEntityPersister.doLoad(AbstractEntityPersister.java:4521)
	at org.hibernate.persister.entity.AbstractEntityPersister.load(AbstractEntityPersister.java:4511)
	at org.hibernate.event.internal.DefaultLoadEventListener.loadFromDatasource(DefaultLoadEventListener.java:571)
	at org.hibernate.event.internal.DefaultLoadEventListener.doLoad(DefaultLoadEventListener.java:539)
	at org.hibernate.event.internal.DefaultLoadEventListener.load(DefaultLoadEventListener.java:208)
	at org.hibernate.event.internal.DefaultLoadEventListener.doOnLoad(DefaultLoadEventListener.java:103)
	at org.hibernate.event.internal.DefaultLoadEventListener.onLoad(DefaultLoadEventListener.java:74)
	at org.hibernate.event.service.internal.EventListenerGroupImpl.fireEventOnEachListener(EventListenerGroupImpl.java:118)
	at org.hibernate.internal.SessionImpl.fireLoadNoChecks(SessionImpl.java:1236)
	at org.hibernate.internal.SessionImpl.immediateLoad(SessionImpl.java:1048)
	at org.hibernate.proxy.AbstractLazyInitializer.initialize(AbstractLazyInitializer.java:185)
	at org.hibernate.proxy.AbstractLazyInitializer.getImplementation(AbstractLazyInitializer.java:322)
	at org.hibernate.proxy.pojo.bytebuddy.ByteBuddyInterceptor.intercept(ByteBuddyInterceptor.java:45)
	at org.hibernate.proxy.ProxyConfiguration$InterceptorDispatcher.intercept(ProxyConfiguration.java:95)
	at project.vapeshop.entity.product.Item$HibernateProxy$rMpG6r5P.getName(Unknown Source)
	... 97 more
</error>
    <system-out>Hibernate: select user0_.id_user as id_user1_9_0_, role1_.id_role as id_role1_7_1_, user0_.login as login2_9_0_, user0_.mail as mail3_9_0_, user0_.name as name4_9_0_, user0_.password as password5_9_0_, user0_.patronymic as patronym6_9_0_, user0_.user_id_role as user_id_8_9_0_, user0_.surname as surname7_9_0_, role1_.name_role as name_rol2_7_1_ from users user0_ left outer join role role1_ on user0_.user_id_role=role1_.id_role where user0_.login=? and user0_.password=?
Hibernate: select user0_.id_user as id_user1_9_0_, role1_.id_role as id_role1_7_1_, user0_.login as login2_9_0_, user0_.mail as mail3_9_0_, user0_.name as name4_9_0_, user0_.password as password5_9_0_, user0_.patronymic as patronym6_9_0_, user0_.user_id_role as user_id_8_9_0_, user0_.surname as surname7_9_0_, role1_.name_role as name_rol2_7_1_ from users user0_ left outer join role role1_ on user0_.user_id_role=role1_.id_role where user0_.login=?
Hibernate: select privileges0_.rp_id_role as rp_id_ro1_8_0_, privileges0_.rp_id_privileges as rp_id_pr2_8_0_, privileges1_.id_privelege as id_prive1_5_1_, privileges1_.name_privelege as name_pri2_5_1_ from role_privileges privileges0_ inner join privileges privileges1_ on privileges0_.rp_id_privileges=privileges1_.id_privelege where privileges0_.rp_id_role=?
4
Hibernate: select user0_.id_user as id_user1_9_0_, role1_.id_role as id_role1_7_1_, user0_.login as login2_9_0_, user0_.mail as mail3_9_0_, user0_.name as name4_9_0_, user0_.password as password5_9_0_, user0_.patronymic as patronym6_9_0_, user0_.user_id_role as user_id_8_9_0_, user0_.surname as surname7_9_0_, role1_.name_role as name_rol2_7_1_ from users user0_ left outer join role role1_ on user0_.user_id_role=role1_.id_role where user0_.login=?
Hibernate: update vaporizer set resistance=1.8, type_vaporizer=?, vaporizer_id_item=?
Hibernate: select vaporizer0_.id_vaporizer as id_vapor1_11_0_, vaporizer0_.vaporizer_id_item as vaporize4_11_0_, vaporizer0_.resistance as resistan2_11_0_, vaporizer0_.type_vaporizer as type_vap3_11_0_ from vaporizer vaporizer0_ where vaporizer0_.id_vaporizer=?
Hibernate: select item0_.id_item as id_item1_1_0_, item0_.id_category as id_categ6_1_0_, item0_.name as name2_1_0_, item0_.photo as photo3_1_0_, item0_.price as price4_1_0_, item0_.quantity as quantity5_1_0_ from item item0_ where item0_.id_item=?
Hibernate: select liquide0_.id_liquide as id_liqui1_2_0_, liquide0_.flavour as flavour2_2_0_, liquide0_.fortress as fortress3_2_0_, liquide0_.liquide_id_item as liquide_6_2_0_, liquide0_.type_nicotine as type_nic4_2_0_, liquide0_.volume as volume5_2_0_ from liquide liquide0_ where liquide0_.liquide_id_item=?
Hibernate: select vape0_.id_vape as id_vape1_10_0_, vape0_.battery as battery2_10_0_, vape0_.vape_id as vape_id5_10_0_, vape0_.power_vape as power_va3_10_0_, vape0_.type_vape as type_vap4_10_0_ from Vape vape0_ where vape0_.vape_id=?
</system-out>
    <system-err>���. 10, 2023 9:17:43 AM org.hibernate.event.internal.DefaultLoadEventListener doOnLoad
INFO: HHH000327: Error performing load command
org.hibernate.HibernateException: More than one row with the given identifier was found: 1, for class: project.vapeshop.entity.product.Vape
	at org.hibernate.loader.entity.AbstractEntityLoader.load(AbstractEntityLoader.java:104)
	at org.hibernate.loader.entity.AbstractEntityLoader.load(AbstractEntityLoader.java:66)
	at org.hibernate.persister.entity.AbstractEntityPersister.loadByUniqueKey(AbstractEntityPersister.java:2486)
	at org.hibernate.type.EntityType.loadByUniqueKey(EntityType.java:763)
	at org.hibernate.type.EntityType.resolve(EntityType.java:468)
	at org.hibernate.engine.internal.TwoPhaseLoad$EntityResolver.lambda$static$0(TwoPhaseLoad.java:576)
	at org.hibernate.engine.internal.TwoPhaseLoad.initializeEntityEntryLoadedState(TwoPhaseLoad.java:221)
	at org.hibernate.engine.internal.TwoPhaseLoad.initializeEntity(TwoPhaseLoad.java:155)
	at org.hibernate.engine.internal.TwoPhaseLoad.initializeEntity(TwoPhaseLoad.java:126)
	at org.hibernate.loader.plan.exec.process.internal.AbstractRowReader.performTwoPhaseLoad(AbstractRowReader.java:221)
	at org.hibernate.loader.plan.exec.process.internal.AbstractRowReader.finishUp(AbstractRowReader.java:187)
	at org.hibernate.loader.plan.exec.process.internal.ResultSetProcessorImpl.extractResults(ResultSetProcessorImpl.java:96)
	at org.hibernate.loader.plan.exec.internal.AbstractLoadPlanBasedLoader.executeLoad(AbstractLoadPlanBasedLoader.java:105)
	at org.hibernate.loader.entity.plan.AbstractLoadPlanBasedEntityLoader.load(AbstractLoadPlanBasedEntityLoader.java:285)
	at org.hibernate.persister.entity.AbstractEntityPersister.doLoad(AbstractEntityPersister.java:4521)
	at org.hibernate.persister.entity.AbstractEntityPersister.load(AbstractEntityPersister.java:4511)
	at org.hibernate.event.internal.DefaultLoadEventListener.loadFromDatasource(DefaultLoadEventListener.java:571)
	at org.hibernate.event.internal.DefaultLoadEventListener.doLoad(DefaultLoadEventListener.java:539)
	at org.hibernate.event.internal.DefaultLoadEventListener.load(DefaultLoadEventListener.java:208)
	at org.hibernate.event.internal.DefaultLoadEventListener.doOnLoad(DefaultLoadEventListener.java:103)
	at org.hibernate.event.internal.DefaultLoadEventListener.onLoad(DefaultLoadEventListener.java:74)
	at org.hibernate.event.service.internal.EventListenerGroupImpl.fireEventOnEachListener(EventListenerGroupImpl.java:118)
	at org.hibernate.internal.SessionImpl.fireLoadNoChecks(SessionImpl.java:1236)
	at org.hibernate.internal.SessionImpl.immediateLoad(SessionImpl.java:1048)
	at org.hibernate.proxy.AbstractLazyInitializer.initialize(AbstractLazyInitializer.java:185)
	at org.hibernate.proxy.AbstractLazyInitializer.getImplementation(AbstractLazyInitializer.java:322)
	at org.hibernate.proxy.pojo.bytebuddy.ByteBuddyInterceptor.intercept(ByteBuddyInterceptor.java:45)
	at org.hibernate.proxy.ProxyConfiguration$InterceptorDispatcher.intercept(ProxyConfiguration.java:95)
	at project.vapeshop.entity.product.Item$HibernateProxy$rMpG6r5P.getName(Unknown Source)
	at jdk.internal.reflect.GeneratedMethodAccessor98.invoke(Unknown Source)
	at java.base/jdk.internal.reflect.DelegatingMethodAccessorImpl.invoke(DelegatingMethodAccessorImpl.java:43)
	at java.base/java.lang.reflect.Method.invoke(Method.java:568)
	at org.modelmapper.internal.PropertyInfoImpl$MethodAccessor.getValue(PropertyInfoImpl.java:99)
	at org.modelmapper.internal.MappingEngineImpl.resolveSourceValue(MappingEngineImpl.java:197)
	at org.modelmapper.internal.MappingEngineImpl.propertyMap(MappingEngineImpl.java:170)
	at org.modelmapper.internal.MappingEngineImpl.typeMap(MappingEngineImpl.java:151)
	at org.modelmapper.internal.MappingEngineImpl.map(MappingEngineImpl.java:105)
	at org.modelmapper.internal.MappingEngineImpl.map(MappingEngineImpl.java:71)
	at org.modelmapper.ModelMapper.mapInternal(ModelMapper.java:589)
	at org.modelmapper.ModelMapper.map(ModelMapper.java:422)
	at project.vapeshop.service.product.VaporizerService.updateItem(VaporizerService.java:61)
	at project.vapeshop.service.product.VaporizerService$$FastClassBySpringCGLIB$$4cdcb84a.invoke(&lt;generated&gt;)
	at org.springframework.cglib.proxy.MethodProxy.invoke(MethodProxy.java:218)
	at org.springframework.aop.framework.CglibAopProxy$CglibMethodInvocation.invokeJoinpoint(CglibAopProxy.java:769)
	at org.springframework.aop.framework.ReflectiveMethodInvocation.proceed(ReflectiveMethodInvocation.java:163)
	at org.springframework.aop.framework.CglibAopProxy$CglibMethodInvocation.proceed(CglibAopProxy.java:747)
	at org.springframework.transaction.interceptor.TransactionAspectSupport.invokeWithinTransaction(TransactionAspectSupport.java:366)
	at org.springframework.transaction.interceptor.TransactionInterceptor.invoke(TransactionInterceptor.java:99)
	at org.springframework.aop.framework.ReflectiveMethodInvocation.proceed(ReflectiveMethodInvocation.java:186)
	at org.springframework.aop.framework.CglibAopProxy$CglibMethodInvocation.proceed(CglibAopProxy.java:747)
	at org.springframework.aop.framework.CglibAopProxy$DynamicAdvisedInterceptor.intercept(CglibAopProxy.java:689)
	at project.vapeshop.service.product.VaporizerService$$EnhancerBySpringCGLIB$$32d11969.updateItem(&lt;generated&gt;)
	at project.vapeshop.contoller.product.ControllerVaporizer.update(ControllerVaporizer.java:50)
	at project.vapeshop.contoller.product.ControllerVaporizer$$FastClassBySpringCGLIB$$34b8124.invoke(&lt;generated&gt;)
	at org.springframework.cglib.proxy.MethodProxy.invoke(MethodProxy.java:218)
	at org.springframework.aop.framework.CglibAopProxy$CglibMethodInvocation.invokeJoinpoint(CglibAopProxy.java:769)
	at org.springframework.aop.framework.ReflectiveMethodInvocation.proceed(ReflectiveMethodInvocation.java:163)
	at org.springframework.aop.framework.CglibAopProxy$CglibMethodInvocation.proceed(CglibAopProxy.java:747)
	at org.springframework.security.access.intercept.aopalliance.MethodSecurityInterceptor.invoke(MethodSecurityInterceptor.java:61)
	at org.springframework.aop.framework.ReflectiveMethodInvocation.proceed(ReflectiveMethodInvocation.java:186)
	at org.springframework.aop.framework.CglibAopProxy$CglibMethodInvocation.proceed(CglibAopProxy.java:747)
	at org.springframework.aop.framework.CglibAopProxy$DynamicAdvisedInterceptor.intercept(CglibAopProxy.java:689)
	at project.vapeshop.contoller.product.ControllerVaporizer$$EnhancerBySpringCGLIB$$a5f73bf4.update(&lt;generated&gt;)
	at java.base/jdk.internal.reflect.NativeMethodAccessorImpl.invoke0(Native Method)
	at java.base/jdk.internal.reflect.NativeMethodAccessorImpl.invoke(NativeMethodAccessorImpl.java:77)
	at java.base/jdk.internal.reflect.DelegatingMethodAccessorImpl.invoke(DelegatingMethodAccessorImpl.java:43)
	at java.base/java.lang.reflect.Method.invoke(Method.java:568)
	at org.springframework.web.method.support.InvocableHandlerMethod.doInvoke(InvocableHandlerMethod.java:190)
	at org.springframework.web.method.support.InvocableHandlerMethod.invokeForRequest(InvocableHandlerMethod.java:138)
	at org.springframework.web.servlet.mvc.method.annotation.ServletInvocableHandlerMethod.invokeAndHandle(ServletInvocableHandlerMethod.java:106)
	at org.springframework.web.servlet.mvc.method.annotation.RequestMappingHandlerAdapter.invokeHandlerMethod(RequestMappingHandlerAdapter.java:879)
	at org.springframework.web.servlet.mvc.method.annotation.RequestMappingHandlerAdapter.handleInternal(RequestMappingHandlerAdapter.java:793)
	at org.springframework.web.servlet.mvc.method.AbstractHandlerMethodAdapter.handle(AbstractHandlerMethodAdapter.java:87)
	at org.springframework.web.servlet.DispatcherServlet.doDispatch(DispatcherServlet.java:1040)
	at org.springframework.web.servlet.DispatcherServlet.doService(DispatcherServlet.java:943)
	at org.springframework.web.servlet.FrameworkServlet.processRequest(FrameworkServlet.java:1006)
	at org.springframework.web.servlet.FrameworkServlet.doPut(FrameworkServlet.java:920)
	at javax.servlet.http.HttpServlet.service(HttpServlet.java:668)
	at org.springframework.web.servlet.FrameworkServlet.service(FrameworkServlet.java:883)
	at org.springframework.test.web.servlet.TestDispatcherServlet.service(TestDispatcherServlet.java:72)
	at javax.servlet.http.HttpServlet.service(HttpServlet.java:750)
	at org.springframework.mock.web.MockFilterChain$ServletFilterProxy.doFilter(MockFilterChain.java:167)
	at org.springframework.mock.web.MockFilterChain.doFilter(MockFilterChain.java:134)
	at project.vapeshop.security.JwtFilter.doFilter(JwtFilter.java:39)
	at org.springframework.mock.web.MockFilterChain.doFilter(MockFilterChain.java:134)
	at org.springframework.test.web.servlet.MockMvc.perform(MockMvc.java:183)
	at vapeshop.test.controller.VaporizerUnitTest.testUpdateVape(VaporizerUnitTest.java:86)
	at java.base/jdk.internal.reflect.NativeMethodAccessorImpl.invoke0(Native Method)
	at java.base/jdk.internal.reflect.NativeMethodAccessorImpl.invoke(NativeMethodAccessorImpl.java:77)
	at java.base/jdk.internal.reflect.DelegatingMethodAccessorImpl.invoke(DelegatingMethodAccessorImpl.java:43)
	at java.base/java.lang.reflect.Method.invoke(Method.java:568)
	at org.junit.runners.model.FrameworkMethod$1.runReflectiveCall(FrameworkMethod.java:59)
	at org.junit.internal.runners.model.ReflectiveCallable.run(ReflectiveCallable.java:12)
	at org.junit.runners.model.FrameworkMethod.invokeExplosively(FrameworkMethod.java:56)
	at org.junit.internal.runners.statements.InvokeMethod.evaluate(InvokeMethod.java:17)
	at org.springframework.test.context.junit4.statements.RunBeforeTestExecutionCallbacks.evaluate(RunBeforeTestExecutionCallbacks.java:74)
	at org.springframework.test.context.junit4.statements.RunAfterTestExecutionCallbacks.evaluate(RunAfterTestExecutionCallbacks.java:84)
	at org.junit.internal.runners.statements.RunBefores.evaluate(RunBefores.java:26)
	at org.springframework.test.context.junit4.statements.RunBeforeTestMethodCallbacks.evaluate(RunBeforeTestMethodCallbacks.java:75)
	at org.springframework.test.context.junit4.statements.RunAfterTestMethodCallbacks.evaluate(RunAfterTestMethodCallbacks.java:86)
	at org.springframework.test.context.junit4.statements.SpringRepeat.evaluate(SpringRepeat.java:84)
	at org.junit.runners.ParentRunner.runLeaf(ParentRunner.java:366)
	at org.springframework.test.context.junit4.SpringJUnit4ClassRunner.runChild(SpringJUnit4ClassRunner.java:251)
	at org.springframework.test.context.junit4.SpringJUnit4ClassRunner.runChild(SpringJUnit4ClassRunner.java:97)
	at org.junit.runners.ParentRunner$4.run(ParentRunner.java:331)
	at org.junit.runners.ParentRunner$1.schedule(ParentRunner.java:79)
	at org.junit.runners.ParentRunner.runChildren(ParentRunner.java:329)
	at org.junit.runners.ParentRunner.access$100(ParentRunner.java:66)
	at org.junit.runners.ParentRunner$2.evaluate(ParentRunner.java:293)
	at org.springframework.test.context.junit4.statements.RunBeforeTestClassCallbacks.evaluate(RunBeforeTestClassCallbacks.java:61)
	at org.springframework.test.context.junit4.statements.RunAfterTestClassCallbacks.evaluate(RunAfterTestClassCallbacks.java:70)
	at org.junit.runners.ParentRunner$3.evaluate(ParentRunner.java:306)
	at org.junit.runners.ParentRunner.run(ParentRunner.java:413)
	at org.springframework.test.context.junit4.SpringJUnit4ClassRunner.run(SpringJUnit4ClassRunner.java:190)
	at org.apache.maven.surefire.junit4.JUnit4Provider.execute(JUnit4Provider.java:252)
	at org.apache.maven.surefire.junit4.JUnit4Provider.executeTestSet(JUnit4Provider.java:141)
	at org.apache.maven.surefire.junit4.JUnit4Provider.invoke(JUnit4Provider.java:112)
	at java.base/jdk.internal.reflect.NativeMethodAccessorImpl.invoke0(Native Method)
	at java.base/jdk.internal.reflect.NativeMethodAccessorImpl.invoke(NativeMethodAccessorImpl.java:77)
	at java.base/jdk.internal.reflect.DelegatingMethodAccessorImpl.invoke(DelegatingMethodAccessorImpl.java:43)
	at java.base/java.lang.reflect.Method.invoke(Method.java:568)
	at org.apache.maven.surefire.util.ReflectionUtils.invokeMethodWithArray(ReflectionUtils.java:189)
	at org.apache.maven.surefire.booter.ProviderFactory$ProviderProxy.invoke(ProviderFactory.java:165)
	at org.apache.maven.surefire.booter.ProviderFactory.invokeProvider(ProviderFactory.java:85)
	at org.apache.maven.surefire.booter.ForkedBooter.runSuitesInProcess(ForkedBooter.java:115)
	at org.apache.maven.surefire.booter.ForkedBooter.main(ForkedBooter.java:75)

</system-err>
  </testcase>
  <testcase classname="vapeshop.test.controller.VaporizerUnitTest" name="testAddVaporizer" time="0.037"/>
  <testcase classname="vapeshop.test.controller.VaporizerUnitTest" name="testGetAllVaporizer" time="0.016"/>
  <testcase classname="vapeshop.test.controller.VaporizerUnitTest" name="testGetByIdVaporizer" time="0.019"/>
</testsuite>